[debug] [2024-04-04T17:03:23.224Z] ----------------------------------------------------------------------
[debug] [2024-04-04T17:03:23.230Z] Command:       D:\node.exe C:\Users\Rakib\AppData\Roaming\npm\node_modules\firebase-tools\lib\bin\firebase.js init
[debug] [2024-04-04T17:03:23.231Z] CLI Version:   12.9.1
[debug] [2024-04-04T17:03:23.232Z] Platform:      win32
[debug] [2024-04-04T17:03:23.232Z] Node Version:  v18.18.2
[debug] [2024-04-04T17:03:23.233Z] Time:          Thu Apr 04 2024 23:03:23 GMT+0600 (Bangladesh Standard Time)
[debug] [2024-04-04T17:03:23.234Z] ----------------------------------------------------------------------
[debug] 
[debug] [2024-04-04T17:03:23.258Z] >>> [apiv2][query] GET https://firebase-public.firebaseio.com/cli.json [none]
[debug] [2024-04-04T17:03:23.365Z] > command requires scopes: ["email","openid","https://www.googleapis.com/auth/cloudplatformprojects.readonly","https://www.googleapis.com/auth/firebase","https://www.googleapis.com/auth/cloud-platform"]
[debug] [2024-04-04T17:03:23.366Z] > authorizing via signed-in user (nazmul15-3286@diu.edu.bd)
[info] 
     ######## #### ########  ######## ########     ###     ######  ########
     ##        ##  ##     ## ##       ##     ##  ##   ##  ##       ##
     ######    ##  ########  ######   ########  #########  ######  ######
     ##        ##  ##    ##  ##       ##     ## ##     ##       ## ##
     ##       #### ##     ## ######## ########  ##     ##  ######  ########

You're about to initialize a Firebase project in this directory:

  F:\Projects\hbr-software\hospital-management

[debug] [2024-04-04T17:03:24.193Z] <<< [apiv2][status] GET https://firebase-public.firebaseio.com/cli.json 200
[debug] [2024-04-04T17:03:24.196Z] <<< [apiv2][body] GET https://firebase-public.firebaseio.com/cli.json {"cloudBuildErrorAfter":1594252800000,"cloudBuildWarnAfter":1590019200000,"defaultNode10After":1594252800000,"minVersion":"3.0.5","node8DeploysDisabledAfter":1613390400000,"node8RuntimeDisabledAfter":1615809600000,"node8WarnAfter":1600128000000}
[info] 
=== Project Setup
[info] 
[info] First, let's associate this project directory with a Firebase project.
[info] You can create multiple project aliases by running firebase use --add, 
[info] but for now we'll just set up a default project.
[info] 
[debug] [2024-04-04T17:05:19.800Z] > refreshing access token with scopes: []
[debug] [2024-04-04T17:05:19.802Z] >>> [apiv2][query] POST https://www.googleapis.com/oauth2/v3/token [none]
[debug] [2024-04-04T17:05:19.802Z] >>> [apiv2][body] POST https://www.googleapis.com/oauth2/v3/token [omitted]
[debug] [2024-04-04T17:05:20.218Z] <<< [apiv2][status] POST https://www.googleapis.com/oauth2/v3/token 200
[debug] [2024-04-04T17:05:20.219Z] <<< [apiv2][body] POST https://www.googleapis.com/oauth2/v3/token [omitted]
[debug] [2024-04-04T17:05:20.273Z] >>> [apiv2][query] GET https://firebase.googleapis.com/v1beta1/projects pageSize=100
[debug] [2024-04-04T17:05:21.353Z] <<< [apiv2][status] GET https://firebase.googleapis.com/v1beta1/projects 200
[debug] [2024-04-04T17:05:21.353Z] <<< [apiv2][body] GET https://firebase.googleapis.com/v1beta1/projects [omitted]
